Build started 5/6/2015 6:25:30 PM.
     1>Project "C:\Users\zammie\Desktop\ode-0.13\build\vs2010\demo_buggy.vcxproj" on node 2 (build target(s)).
     1>InitializeBuildStatus:
         Creating "obj\DebugDoubleDLL\demo_buggy\demo_buggy.unsuccessfulbuild" because "AlwaysCreate" was specified.
       ClCompile:
         c:\Program Files (x86)\Microsoft Visual Studio 10.0\VC\bin\x86_amd64\CL.exe /c /I..\..\include /I..\..\ode\src /Zi /nologo /W3 /WX- /Od /D _MT /D _DEBUG /D dIDEDOUBLE /D CCD_IDEDOUBLE /D WIN32 /D _CRT_SECURE_NO_DEPRECATE /D _USE_MATH_DEFINES /D _WINDLL /D _MBCS /Gm /EHsc /RTC1 /MDd /GS /Gy /fp:precise /Zc:wchar_t /Zc:forScope /Fo"obj\DebugDoubleDLL\demo_buggy\\" /Fd"obj\DebugDoubleDLL\demo_buggy\vc100.pdb" /Gd /TP /errorReport:prompt ..\..\ode\demo\demo_buggy.cpp ..\..\ode\demo\dllmain.cpp ..\..\ode\demo\stdafx.cpp
         stdafx.cpp
         dllmain.cpp
         demo_buggy.cpp
     1>..\..\ode\demo\demo_buggy.cpp(13): warning C4273: 'MathFuncs::MyMathFuncs::YoYo' : inconsistent dll linkage
                 c:\users\zammie\desktop\ode-0.13\ode\demo\demo_buggy.h(13) : see previous definition of 'YoYo'
     1>..\..\ode\demo\demo_buggy.cpp(17): warning C4273: 'MathFuncs::MyMathFuncs::Add' : inconsistent dll linkage
                 c:\users\zammie\desktop\ode-0.13\ode\demo\demo_buggy.h(15) : see previous definition of 'Add'
     1>..\..\ode\demo\demo_buggy.cpp(22): warning C4273: 'MathFuncs::MyMathFuncs::Subtract' : inconsistent dll linkage
                 c:\users\zammie\desktop\ode-0.13\ode\demo\demo_buggy.h(18) : see previous definition of 'Subtract'
     1>..\..\ode\demo\demo_buggy.cpp(27): warning C4273: 'MathFuncs::MyMathFuncs::Multiply' : inconsistent dll linkage
                 c:\users\zammie\desktop\ode-0.13\ode\demo\demo_buggy.h(21) : see previous definition of 'Multiply'
     1>..\..\ode\demo\demo_buggy.cpp(32): warning C4273: 'MathFuncs::MyMathFuncs::Divide' : inconsistent dll linkage
                 c:\users\zammie\desktop\ode-0.13\ode\demo\demo_buggy.h(25) : see previous definition of 'Divide'
         Generating Code...
       ResourceCompile:
         All outputs are up-to-date.
       ManifestResourceCompile:
         All outputs are up-to-date.
         C:\Program Files (x86)\Microsoft SDKs\Windows\v7.0A\bin\rc.exe /nologo /fo"obj\DebugDoubleDLL\demo_buggy\demo_buggy.dll.embed.manifest.res" obj\DebugDoubleDLL\demo_buggy\demo_buggy_manifest.rc 
       Link:
         c:\Program Files (x86)\Microsoft Visual Studio 10.0\VC\bin\x86_amd64\link.exe /ERRORREPORT:PROMPT /OUT:"..\..\lib\DebugDoubleDLL\demo_buggy.dll" /INCREMENTAL /NOLOGO ..\..\lib\DebugDoubleDLL\ode_doubled.lib ..\..\lib\DebugDoubleDLL\drawstuffd.lib user32.lib winmm.lib gdi32.lib opengl32.lib glu32.lib kernel32.lib user32.lib gdi32.lib winspool.lib comdlg32.lib advapi32.lib shell32.lib ole32.lib oleaut32.lib uuid.lib odbc32.lib odbccp32.lib /MANIFEST /ManifestFile:"obj\DebugDoubleDLL\demo_buggy\demo_buggy.dll.intermediate.manifest" /MANIFESTUAC:"level='asInvoker' uiAccess='false'" /DEBUG /PDB:"C:\Users\zammie\Desktop\ode-0.13\lib\DebugDoubleDLL\demo_buggy.pdb" /SUBSYSTEM:CONSOLE /TLBID:1 /ENTRY:"mainCRTStartup" /DYNAMICBASE /NXCOMPAT /IMPLIB:"..\..\lib\DebugDoubleDLL\demo_buggy.lib" /MACHINE:X64 /DLL obj\DebugDoubleDLL\demo_buggy\resources.res
         obj\DebugDoubleDLL\demo_buggy\demo_buggy.dll.embed.manifest.res
         obj\DebugDoubleDLL\demo_buggy\demo_buggy.obj
         obj\DebugDoubleDLL\demo_buggy\dllmain.obj
         obj\DebugDoubleDLL\demo_buggy\stdafx.obj
         LINK : ..\..\lib\DebugDoubleDLL\demo_buggy.dll not found or not built by the last incremental link; performing full link
            Creating library ..\..\lib\DebugDoubleDLL\demo_buggy.lib and object ..\..\lib\DebugDoubleDLL\demo_buggy.exp
     1>MSVCRTD.lib(crtexe.obj) : error LNK2019: unresolved external symbol main referenced in function __tmainCRTStartup
     1>..\..\lib\DebugDoubleDLL\demo_buggy.dll : fatal error LNK1120: 1 unresolved externals
     1>Done Building Project "C:\Users\zammie\Desktop\ode-0.13\build\vs2010\demo_buggy.vcxproj" (build target(s)) -- FAILED.

Build FAILED.

Time Elapsed 00:00:01.18
